<?xml version="1.0" encoding="UTF-8"?>
<!-- Generated by org.testng.reporters.JUnitXMLReporter -->
<testsuite hostname="Admin-PC" ignored="0" name="a-t1" tests="3" failures="0" timestamp="26 Aug 2019 08:35:18 GMT" time="0.051" errors="0">
  <testcase name="test1" time="0.007" classname="com.qa.automation.SimpleTests"/>
  <testcase name="test2" time="0.0" classname="com.qa.automation.SimpleTests"/>
  <testcase name="test3" time="0.0" classname="com.qa.automation.SimpleTests"/>
</testsuite> <!-- a-t1 -->
