<?xml version="1.0" encoding="UTF-8"?>
<testng-results skipped="0" failed="0" ignored="0" total="3" passed="3">
  <reporter-output>
  </reporter-output>
  <suite name="Component Tests" duration-ms="51" started-at="2019-08-26T08:35:18Z" finished-at="2019-08-26T08:35:18Z">
    <groups>
    </groups>
    <test name="a-t1" duration-ms="51" started-at="2019-08-26T08:35:18Z" finished-at="2019-08-26T08:35:18Z">
      <class name="com.qa.automation.SimpleTests">
        <test-method status="PASS" signature="test1()[pri:0, instance:com.qa.automation.SimpleTests@2d6e8792]" name="test1" duration-ms="7" started-at="2019-08-26T08:35:18Z" finished-at="2019-08-26T08:35:18Z">
          <reporter-output>
          </reporter-output>
        </test-method> <!-- test1 -->
        <test-method status="PASS" signature="test3()[pri:0, instance:com.qa.automation.SimpleTests@2d6e8792]" name="test3" duration-ms="0" started-at="2019-08-26T08:35:18Z" finished-at="2019-08-26T08:35:18Z">
          <reporter-output>
          </reporter-output>
        </test-method> <!-- test3 -->
        <test-method status="PASS" signature="test2()[pri:0, instance:com.qa.automation.SimpleTests@2d6e8792]" name="test2" duration-ms="0" started-at="2019-08-26T08:35:18Z" finished-at="2019-08-26T08:35:18Z">
          <reporter-output>
          </reporter-output>
        </test-method> <!-- test2 -->
      </class> <!-- com.qa.automation.SimpleTests -->
    </test> <!-- a-t1 -->
  </suite> <!-- Component Tests -->
</testng-results>
